

Started GET "/assets/rails.png" for 127.0.0.1 at 2013-05-13 19:48:30 -0400
Connecting to database specified by database.yml
Served asset /rails.png - 304 Not Modified (30ms)
Connecting to database specified by database.yml
  [1m[36m (0.3ms)[0m  [1mselect sqlite_version(*)[0m
  [1m[35m (60.7ms)[0m  CREATE TABLE "schema_migrations" ("version" varchar(255) NOT NULL) 
  [1m[36m (14.5ms)[0m  [1mCREATE UNIQUE INDEX "unique_schema_migrations" ON "schema_migrations" ("version")[0m
  [1m[35m (3.1ms)[0m  SELECT "schema_migrations"."version" FROM "schema_migrations" 


Started GET "/" for 127.0.0.1 at 2013-05-14 11:50:39 -0400
Connecting to database specified by database.yml
Processing by HomeController#index as HTML
  Rendered home/index.html.erb within layouts/application (7.1ms)
Completed 500 Internal Server Error in 186ms

ActionView::Template::Error (cannot load such file -- less
  (in /home/vmplanet/Sites/bookmarkletapp/app/assets/stylesheets/bootstrap_and_overrides.css.less)):
    2: <html>
    3: <head>
    4:   <title>Bookmarkletapp</title>
    5:   <%= stylesheet_link_tag    "application", :media => "all" %>
    6:   <%= javascript_include_tag "application" %>
    7:   <%= csrf_meta_tags %>
    8: </head>
  app/views/layouts/application.html.erb:5:in `_app_views_layouts_application_html_erb__276349324_82510460'


  Rendered /home/vmplanet/.rvm/gems/ruby-1.9.3-p392/gems/actionpack-3.2.12/lib/action_dispatch/middleware/templates/rescues/_trace.erb (2.9ms)
  Rendered /home/vmplanet/.rvm/gems/ruby-1.9.3-p392/gems/actionpack-3.2.12/lib/action_dispatch/middleware/templates/rescues/_request_and_response.erb (1.9ms)
  Rendered /home/vmplanet/.rvm/gems/ruby-1.9.3-p392/gems/actionpack-3.2.12/lib/action_dispatch/middleware/templates/rescues/template_error.erb within rescues/layout (39.5ms)


Started GET "/" for 127.0.0.1 at 2013-05-14 11:58:41 -0400
Processing by HomeController#index as HTML
  Rendered home/index.html.erb within layouts/application (0.1ms)
Completed 500 Internal Server Error in 26ms

ActionView::Template::Error (cannot load such file -- less
  (in /home/vmplanet/Sites/bookmarkletapp/app/assets/stylesheets/bootstrap_and_overrides.css.less)):
    2: <html>
    3: <head>
    4:   <title>Bookmarkletapp</title>
    5:   <%= stylesheet_link_tag    "application", :media => "all" %>
    6:   <%= javascript_include_tag "application" %>
    7:   <%= csrf_meta_tags %>
    8: </head>
  app/views/layouts/application.html.erb:5:in `_app_views_layouts_application_html_erb__276349324_82510460'


  Rendered /home/vmplanet/.rvm/gems/ruby-1.9.3-p392/gems/actionpack-3.2.12/lib/action_dispatch/middleware/templates/rescues/_trace.erb (3.0ms)
  Rendered /home/vmplanet/.rvm/gems/ruby-1.9.3-p392/gems/actionpack-3.2.12/lib/action_dispatch/middleware/templates/rescues/_request_and_response.erb (2.2ms)
  Rendered /home/vmplanet/.rvm/gems/ruby-1.9.3-p392/gems/actionpack-3.2.12/lib/action_dispatch/middleware/templates/rescues/template_error.erb within rescues/layout (19.5ms)
